********************************************************************************
DUPLICATOR-LITE PACKAGE-LOG: August 1, 2021 6:52 am
NOTICE: Do NOT post to public sites or forums 
********************************************************************************
VERSION:	1.4.2
WORDPRESS:	5.8
PHP INFO:	8.0.3 | SAPI: apache2handler
SERVER:		Apache/2.4.46 (Win64) OpenSSL/1.1.1j PHP/8.0.3 
PHP TIME LIMIT: (0) no time limit imposed 
PHP MAX MEMORY: 4294967296 (512M default) 
MEMORY STACK: 6MB

********************************************************************************
DATABASE:
********************************************************************************
BUILD MODE:   MYSQLDUMP
MYSQLTIMEOUT: 5000
MYSQLDUMP:    Is Supported
SQL CREATED: helloarman_Basic_Black__White_48a803c0d4cca04d2784_20210801065241_database.sql
SQL FILE SIZE: 19.97MB (20941704)
SQL FILE TIME: 2021-08-01 06:52:55
SQL RUNTIME: 4.34 sec.

********************************************************************************
ARCHIVE (ZIP):
********************************************************************************
ARCHIVE DIR:  C:/xampp/htdocs/helloarman.github.io
ARCHIVE FILE: helloarman_Basic_Black__White_48a803c0d4cca04d2784_20210801065241_archive.zip
FILTERS: *OFF*
DIRS:
	not set
FILES:
	not set
EXTS:  not set
----------------------------------------
COMPRESSING
SIZE:	133.37MB
STATS:	Dirs 1,124 | Files 10,207
SQL ADDED: helloarman_Basic_Black__White_48a803c0d4cca04d2784_20210801065241_database.sql
ZipArchive Object
(
    [lastId] => 11330
    [status] => 0
    [statusSys] => 0
    [numFiles] => 11331
    [filename] => C:\xampp\htdocs\helloarman.github.io\wp-content\backups-dup-lite\tmp\helloarman_Basic_Black__White_48a803c0d4cca04d2784_20210801065241_archive.zip
    [comment] => 
)

FILE ADDED TO ZIP: 11330
COMPRESSION RESULT: '1'
COMPRESSED SIZE: 63.87MB
ARCHIVE RUNTIME: 80.72 sec.
MEMORY STACK: 8MB
building installer
add_extra_files1
add_extra_files2
add_extra_files3
add_extra_files4
Doing archive file check
add_extra_files5
add_extra_files6
add_extra_files8
Successfully opened zip C:/xampp/htdocs/helloarman.github.io/wp-content/backups-dup-lite/tmp/helloarman_Basic_Black__White_48a803c0d4cca04d2784_20210801065241_archive.zip
Adding enhanced installer files to archive using ZipArchive
Installer files added to archive
Added to archive
After ziparchive close when adding installer

********************************************************************************
INTEGRITY CHECKS:
********************************************************************************
SQL FILE: 19.97MB
INSTALLER FILE: 64.27KB
ARCHIVE FILE: 65.37MB 
EXPECTED FILE/DIRECTORY COUNT: 11,331
ACTUAL FILE/DIRECTORY COUNT: 11,330
ARCHIVE CONSISTENCY TEST: Pass

********************************************************************************
RECORD ID:[2]
TOTAL PROCESS RUNTIME: 86.20 sec.
PEAK PHP MEMORY USED: 10MB
DONE PROCESSING => helloarman_Basic_Black__White August 1, 2021 6:54 am

